Arguments: 
  C:\Program Files\nodejs\node.exe C:\Users\lappify\AppData\Roaming\npm\node_modules\yarn\bin\yarn.js add nodemon 3.0.3

PATH: 
  C:\Program Files\Microsoft\jdk-11.0.20.8-hotspot\bin;C:\Program Files\Common Files\Oracle\Java\javapath;C:\WINDOWS\system32;C:\WINDOWS;C:\WINDOWS\System32\Wbem;C:\WINDOWS\System32\WindowsPowerShell\v1.0\;C:\WINDOWS\System32\OpenSSH\;C:\Program Files\dotnet\;C:\Program Files\Git\cmd;C:\ProgramData\chocolatey\bin;C:\Program Files\nodejs\;C:\Users\lappify\AppData\Local\Android\Sdk\platform-tools;C:\Users\lappify\.console-ninja\.bin;C:\Users\lappify\AppData\Local\Programs\Python\Python311\Scripts\;C:\Users\lappify\AppData\Local\Programs\Python\Python311\;C:\Users\lappify\AppData\Local\Microsoft\WindowsApps;C:\Users\lappify\AppData\Local\Programs\Microsoft VS Code\bin;C:\Program Files\Java\jdk-20\bin;C:\Program Files\Git\bin;C:\Users\lappify\AppData\Roaming\npm;C:\Users\lappify\AppData\Local\Programs\mongosh\;;%USERPROFILE%\AppData\Local\Microsoft\WindowsApps

Yarn version: 
  1.22.19

Node version: 
  18.17.1

Platform: 
  win32 x64

Trace: 
  Error: https://registry.npmjs.org/3.0.3: Not found
      at params.callback [as _callback] (C:\Users\lappify\AppData\Roaming\npm\node_modules\yarn\lib\cli.js:66145:18)
      at self.callback (C:\Users\lappify\AppData\Roaming\npm\node_modules\yarn\lib\cli.js:140890:22)
      at Request.emit (node:events:514:28)
      at Request.<anonymous> (C:\Users\lappify\AppData\Roaming\npm\node_modules\yarn\lib\cli.js:141862:10)
      at Request.emit (node:events:514:28)
      at IncomingMessage.<anonymous> (C:\Users\lappify\AppData\Roaming\npm\node_modules\yarn\lib\cli.js:141784:12)
      at Object.onceWrapper (node:events:628:28)
      at IncomingMessage.emit (node:events:526:35)
      at endReadableNT (node:internal/streams/readable:1359:12)
      at process.processTicksAndRejections (node:internal/process/task_queues:82:21)

npm manifest: 
  {
    "dependencies": {
      "cors": "^2.8.5",
      "express": "^4.18.2",
      "mongodb": "^6.3.0",
      "nodemon": "^3.0.3"
    },
    "scripts": {
      "start": "nodemon app.js"
    }
  }

yarn manifest: 
  No manifest

Lockfile: 
  No lockfile
